<?xml version="1.0" encoding="UTF-8"?>
<!-- Generated by org.testng.reporters.JUnitReportReporter -->
<testsuite skipped="0" hostname="DESKTOP-UMGRGII" name="Test_Scripts.Main_Test_Script" tests="2" failures="0" timestamp="13 Apr 2019 07:30:37 GMT" time="10.812" errors="0">
  <testcase name="Set_Excel" time="0.743" classname="Test_Scripts.Main_Test_Script"/>
  <testcase name="Login" time="10.069" classname="Test_Scripts.Main_Test_Script"/>
</testsuite> <!-- Test_Scripts.Main_Test_Script -->
