<?xml version="1.0" encoding="UTF-8"?>
<!-- Generated by org.testng.reporters.JUnitReportReporter -->
<testsuite skipped="0" hostname="DESKTOP-UMGRGII" name="Test_Scripts.Main_Test_Script" tests="4" failures="0" timestamp="19 Jul 2019 10:17:12 GMT" time="28.052" errors="0">
  <testcase name="Wait" time="0.008" classname="Test_Scripts.Main_Test_Script"/>
  <testcase name="Set_Excel" time="0.592" classname="Test_Scripts.Main_Test_Script"/>
  <testcase name="Login" time="11.012" classname="Test_Scripts.Main_Test_Script"/>
  <testcase name="AddingJob" time="16.440" classname="Test_Scripts.Main_Test_Script"/>
</testsuite> <!-- Test_Scripts.Main_Test_Script -->
