<?xml version="1.0" encoding="UTF-8"?>
<!-- Generated by org.testng.reporters.JUnitReportReporter -->
<testsuite skipped="0" hostname="DESKTOP-UMGRGII" name="Test_Scripts.Main_Test_Script" tests="3" failures="0" timestamp="27 Sep 2019 10:09:38 GMT" time="38.488" errors="0">
  <testcase name="Set_Excel" time="1.038" classname="Test_Scripts.Main_Test_Script"/>
  <testcase name="Login" time="10.724" classname="Test_Scripts.Main_Test_Script"/>
  <testcase name="SalaryComponents" time="26.726" classname="Test_Scripts.Main_Test_Script"/>
</testsuite> <!-- Test_Scripts.Main_Test_Script -->
