<?xml version="1.0" encoding="UTF-8"?>
<!-- Generated by org.testng.reporters.JUnitReportReporter -->
<testsuite skipped="0" hostname="DESKTOP-UMGRGII" name="Test_Scripts.Main_Test_Script" tests="2" failures="0" timestamp="26 Mar 2019 11:06:25 GMT" time="5.767" errors="0">
  <testcase name="Set_Excel" time="0.745" classname="Test_Scripts.Main_Test_Script"/>
  <testcase name="Login" time="5.022" classname="Test_Scripts.Main_Test_Script"/>
</testsuite> <!-- Test_Scripts.Main_Test_Script -->
