<?xml version="1.0" encoding="UTF-8"?>
<!-- Generated by org.testng.reporters.JUnitReportReporter -->
<testsuite skipped="0" hostname="DESKTOP-UMGRGII" name="Test_Scripts.Main_Test_Script" tests="4" failures="0" timestamp="17 Jul 2019 15:04:14 GMT" time="20.042" errors="0">
  <testcase name="Wait" time="0.015" classname="Test_Scripts.Main_Test_Script"/>
  <testcase name="Set_Excel" time="0.576" classname="Test_Scripts.Main_Test_Script"/>
  <testcase name="Login" time="9.924" classname="Test_Scripts.Main_Test_Script"/>
  <testcase name="AddVacency" time="9.527" classname="Test_Scripts.Main_Test_Script"/>
</testsuite> <!-- Test_Scripts.Main_Test_Script -->
