<?xml version="1.0" encoding="UTF-8"?>
<!-- Generated by org.testng.reporters.JUnitReportReporter -->
<testsuite skipped="0" hostname="prasad-PC" name="Test_Scripts.Main_Test_Script" tests="2" failures="0" timestamp="23 Mar 2019 09:54:29 GMT" time="8.986" errors="0">
  <testcase name="Set_Excel" time="1.304" classname="Test_Scripts.Main_Test_Script"/>
  <testcase name="Login" time="7.682" classname="Test_Scripts.Main_Test_Script"/>
</testsuite> <!-- Test_Scripts.Main_Test_Script -->
