<?xml version="1.0" encoding="UTF-8"?>
<!-- Generated by org.testng.reporters.JUnitReportReporter -->
<testsuite skipped="2" hostname="DESKTOP-FLP0M0B" name="Test_Scripts.Test_Suit" tests="3" failures="0" timestamp="14 Feb 2020 09:47:44 GMT" time="36.210" errors="0">
  <testcase name="Login" time="36.210" classname="Test_Scripts.Test_Suit"/>
  <testcase name="AddingJob" classname="Test_Scripts.Test_Suit">
    <skipped/>
  </testcase> <!-- AddingJob -->
  <testcase name="SalaryComponents" classname="Test_Scripts.Test_Suit">
    <skipped/>
  </testcase> <!-- SalaryComponents -->
</testsuite> <!-- Test_Scripts.Test_Suit -->
