<?xml version="1.0" encoding="UTF-8"?>
<!-- Generated by org.testng.reporters.JUnitReportReporter -->
<testsuite skipped="0" hostname="DESKTOP-UMGRGII" name="Test_Scripts.Main_Test_Script" tests="2" failures="0" timestamp="27 Mar 2019 09:35:14 GMT" time="8.096" errors="0">
  <testcase name="Set_Excel" time="0.764" classname="Test_Scripts.Main_Test_Script"/>
  <testcase name="Login" time="7.332" classname="Test_Scripts.Main_Test_Script"/>
</testsuite> <!-- Test_Scripts.Main_Test_Script -->
