<?xml version="1.0" encoding="UTF-8"?>
<!-- Generated by org.testng.reporters.JUnitReportReporter -->
<testsuite skipped="0" hostname="LAPTOP-1AEUC6QJ" name="Test_Scripts.Main_Test_Script" tests="4" failures="0" timestamp="03 Aug 2019 10:41:27 GMT" time="30.483" errors="0">
  <testcase name="Wait" time="0.025" classname="Test_Scripts.Main_Test_Script"/>
  <testcase name="Set_Excel" time="1.694" classname="Test_Scripts.Main_Test_Script"/>
  <testcase name="Login" time="11.124" classname="Test_Scripts.Main_Test_Script"/>
  <testcase name="AddingJob" time="17.640" classname="Test_Scripts.Main_Test_Script"/>
</testsuite> <!-- Test_Scripts.Main_Test_Script -->
