<?xml version="1.0" encoding="UTF-8"?>
<!-- Generated by org.testng.reporters.JUnitReportReporter -->
<testsuite skipped="0" hostname="DESKTOP-UMGRGII" name="Test_Scripts.Main_Test_Script" tests="4" failures="0" timestamp="25 Jun 2019 06:03:42 GMT" time="41.554" errors="0">
  <testcase name="Wait" time="0.018" classname="Test_Scripts.Main_Test_Script"/>
  <testcase name="Set_Excel" time="0.632" classname="Test_Scripts.Main_Test_Script"/>
  <testcase name="Login" time="10.127" classname="Test_Scripts.Main_Test_Script"/>
  <testcase name="AddVacency" time="30.777" classname="Test_Scripts.Main_Test_Script"/>
</testsuite> <!-- Test_Scripts.Main_Test_Script -->
