<?xml version="1.0" encoding="UTF-8"?>
<!-- Generated by org.testng.reporters.JUnitReportReporter -->
<testsuite skipped="0" hostname="DESKTOP-UMGRGII" name="Test_Scripts.Main_Test_Script" tests="4" failures="0" timestamp="16 Apr 2019 09:36:00 GMT" time="43.696" errors="0">
  <testcase name="Wait" time="0.011" classname="Test_Scripts.Main_Test_Script"/>
  <testcase name="Set_Excel" time="0.636" classname="Test_Scripts.Main_Test_Script"/>
  <testcase name="Login" time="9.848" classname="Test_Scripts.Main_Test_Script"/>
  <testcase name="AddEmploye" time="33.201" classname="Test_Scripts.Main_Test_Script"/>
</testsuite> <!-- Test_Scripts.Main_Test_Script -->
